// 重构日志: 7b42dc2f
// 重构日志: a0eb41dc
// 重构日志: 24bf5446
// 同步 ID: 2bd49520 @ Mon Jun 22 23:26:28 UTC 2026
// 重构日志: 44cd04cb
// 同步 ID: 5e5b5b21 @ Mon Jun 29 21:52:51 UTC 2026
// 重构日志: c46264d7
// 同步 ID: 1f6ead9e @ Sat Jul  4 08:39:26 UTC 2026
// 重构日志: ca8d2e65
// 重构日志: 828e3be3
// 重构日志: 9fa6c2a6
// 重构日志: 185b6075
// 重构日志: 5429143f
// 重构日志: b14ea424
// 重构日志: 0abb84bb
// 同步 ID: 2df9d9eb @ Sat Jul 11 04:29:12 UTC 2026
// 同步 ID: 3364a28e @ Sat Jul 11 14:30:03 UTC 2026
// 同步 ID: 88b00aa4 @ Sun Jul 12 00:49:02 UTC 2026
// 重构日志: f4ad5199
// 同步 ID: a7430883 @ Sun Jul 12 07:13:10 UTC 2026
